Sender: LSF System <lsfadmin@node4.kepler.hpc.local>
Subject: Job 16416: <MPI_4_procs_run7> in cluster <kepler.lsf.hpc.local> Done

Job <MPI_4_procs_run7> was submitted from host <mgr.kepler.hpc.local> by user <nikita.lazarev.20033.gmail.com> in cluster <kepler.lsf.hpc.local> at Sun May 25 15:39:24 2025
Job was executed on host(s) <4*node4.kepler.hpc.local>, in queue <normal>, as user <nikita.lazarev.20033.gmail.com> in cluster <kepler.lsf.hpc.local> at Sun May 25 15:39:25 2025
</home/nikita.lazarev.20033.gmail.com> was used as the home directory.
</home/nikita.lazarev.20033.gmail.com> was used as the working directory.
Started at Sun May 25 15:39:25 2025
Terminated at Sun May 25 15:39:38 2025
Results reported at Sun May 25 15:39:38 2025

Your job looked like:

------------------------------------------------------------
# LSBATCH: User input
#!/bin/bash
#BSUB -J MPI_4_procs_run7
#BSUB -W 00:10
#BSUB -n 4
#BSUB -R "span[ptile=4]"
#BSUB -o logs/output_MPI_4_procs_run7_%J.out
#BSUB -e logs/error_MPI_4_procs_run7_%J.err
#BSUB -M 1GB

module load mpi/openmpi-x86_64
mpirun --bind-to core --map-by core ./combined_mpi_taylor

------------------------------------------------------------

Successfully completed.

Resource usage summary:

    CPU time :                                   30.14 sec.
    Max Memory :                                 901 MB
    Average Memory :                             688.00 MB
    Total Requested Memory :                     -
    Delta Memory :                               -
    Max Swap :                                   -
    Max Processes :                              20
    Max Threads :                                88
    Run time :                                   14 sec.
    Turnaround time :                            14 sec.

The output (if any) follows:

============================================================
Результаты вычисления экспоненты матрицы e^A:
============================================================
Исходная матрица A:
  0.200000   0.300000   0.500000 
  0.600000   0.100000   0.300000 
  0.200000   0.300000   0.100000 

Результат e^A (аппроксимация рядом Тейлора):
  1.413568   0.460615   0.673229 
  0.779536   1.283645   0.531462 
  0.354308   0.389768   1.236414 

------------------------------------------------------------
Затраченное время: 5.590753 секунд
Количество членов ряда N_TERMS: 50000000
Размер матрицы SIZE: 3
Количество MPI процессов: 16
============================================================


PS:

Read file <logs/error_MPI_4_procs_run7_16416.err> for stderr output of this job.

