Sender: LSF System <lsfadmin@node4.kepler.hpc.local>
Subject: Job 16426: <MPI_8_procs_run7> in cluster <kepler.lsf.hpc.local> Done

Job <MPI_8_procs_run7> was submitted from host <mgr.kepler.hpc.local> by user <nikita.lazarev.20033.gmail.com> in cluster <kepler.lsf.hpc.local> at Sun May 25 15:39:28 2025
Job was executed on host(s) <8*node4.kepler.hpc.local>, in queue <normal>, as user <nikita.lazarev.20033.gmail.com> in cluster <kepler.lsf.hpc.local> at Sun May 25 15:40:21 2025
</home/nikita.lazarev.20033.gmail.com> was used as the home directory.
</home/nikita.lazarev.20033.gmail.com> was used as the working directory.
Started at Sun May 25 15:40:21 2025
Terminated at Sun May 25 15:40:50 2025
Results reported at Sun May 25 15:40:50 2025

Your job looked like:

------------------------------------------------------------
# LSBATCH: User input
#!/bin/bash
#BSUB -J MPI_8_procs_run7
#BSUB -W 00:10
#BSUB -n 8
#BSUB -R "span[ptile=8]"
#BSUB -o logs/output_MPI_8_procs_run7_%J.out
#BSUB -e logs/error_MPI_8_procs_run7_%J.err
#BSUB -M 1GB

module load mpi/openmpi-x86_64
mpirun --bind-to core --map-by core ./combined_mpi_taylor

------------------------------------------------------------

Successfully completed.

Resource usage summary:

    CPU time :                                   49.19 sec.
    Max Memory :                                 901 MB
    Average Memory :                             751.33 MB
    Total Requested Memory :                     -
    Delta Memory :                               -
    Max Swap :                                   -
    Max Processes :                              20
    Max Threads :                                88
    Run time :                                   27 sec.
    Turnaround time :                            82 sec.

The output (if any) follows:

============================================================
Результаты вычисления экспоненты матрицы e^A:
============================================================
Исходная матрица A:
  0.200000   0.300000   0.500000 
  0.600000   0.100000   0.300000 
  0.200000   0.300000   0.100000 

Результат e^A (аппроксимация рядом Тейлора):
  1.413568   0.460615   0.673229 
  0.779536   1.283645   0.531462 
  0.354308   0.389768   1.236414 

------------------------------------------------------------
Затраченное время: 14.737352 секунд
Количество членов ряда N_TERMS: 50000000
Размер матрицы SIZE: 3
Количество MPI процессов: 16
============================================================


PS:

Read file <logs/error_MPI_8_procs_run7_16426.err> for stderr output of this job.

